<?xml version="1.0" encoding="UTF-8"?>
<testsuite time="23.436" failures="0" tests="1" name="tests" >
  <testcase time="23.42" classname="tests" name="jpetstore.ta" />
</testsuite>